#
# A fatal error has been detected by the Java Runtime Environment:
#
#  EXCEPTION_ACCESS_VIOLATION (0xc0000005) at pc=0x523b4810, pid=6604, tid=7000
#
# JRE version: Java(TM) SE Runtime Environment (7.0_51-b13) (build 1.7.0_51-b13)
# Java VM: Java HotSpot(TM) Client VM (24.51-b03 mixed mode, sharing windows-x86 )
# Problematic frame:
# C  [Leap.dll+0xc4810]
#
# Failed to write core dump. Minidumps are not enabled by default on client versions of Windows
#
# If you would like to submit a bug report, please visit:
#   http://bugreport.sun.com/bugreport/crash.jsp
# The crash happened outside the Java Virtual Machine in native code.
# See problematic frame for where to report the bug.
#

---------------  T H R E A D  ---------------

Current thread (0x02731000):  JavaThread "Finalizer" daemon [_thread_in_native, id=7000, stack(0x02a70000,0x02ac0000)]

siginfo: ExceptionCode=0xc0000005, reading address 0x74736557

Registers:
EAX=0x74736547, EBX=0x04e3b7d8, ECX=0x04e9f798, EDX=0x04f62028
ESP=0x02abf108, EBP=0x02abf174, ESI=0x04f00548, EDI=0x02abf150
EIP=0x523b4810, EFLAGS=0x00010283

Top of Stack: (sp=0x02abf108)
0x02abf108:   82b2ecea 04e365e8 04f00548 34a9d001
0x02abf118:   04e3ba2c 00000001 064618f0 06461a28
0x02abf128:   04e3ba44 04f33801 04f33880 04f00548
0x02abf138:   04e3b7d8 00650040 04f61c48 0000001c
0x02abf148:   00000000 00001ba4 000019cc 04f62028
0x02abf158:   00000001 00000000 82b2ecea 02abf108
0x02abf168:   02abf190 523db503 00000003 02abf19c
0x02abf178:   523b88c5 04e3b7d8 82b2ec02 02731000 

Instructions: (pc=0x523b4810)
0x523b47f0:   dc e8 ca 36 00 00 c6 45 fc 02 8b 55 e0 8b 02 89
0x523b4800:   45 cc 3b 45 e0 74 43 c6 45 fc 03 8b 48 0c 8b 01
0x523b4810:   8b 50 10 56 ff d2 8d 45 cc c7 45 fc 02 00 00 00
0x523b4820:   e8 1b 00 f5 ff 8b 45 cc eb d8 c7 45 fc 02 00 00 


Register to memory mapping:

EAX=0x74736547 is an unknown value
EBX=0x04e3b7d8 is an unknown value
ECX=0x04e9f798 is an unknown value
EDX=0x04f62028 is an unknown value
ESP=0x02abf108 is pointing into the stack for thread: 0x02731000
EBP=0x02abf174 is pointing into the stack for thread: 0x02731000
ESI=0x04f00548 is an unknown value
EDI=0x02abf150 is pointing into the stack for thread: 0x02731000


Stack: [0x02a70000,0x02ac0000],  sp=0x02abf108,  free space=316k
Native frames: (J=compiled Java code, j=interpreted, Vv=VM code, C=native code)
C  [Leap.dll+0xc4810]
C  [Leap.dll+0xc88c5]
C  [Leap.dll+0x8381]
C  [LeapJava.dll+0x4b52]
j  com.leapmotion.leap.LeapJNI.delete_Controller(J)V+0
j  com.leapmotion.leap.Controller.delete()V+25
j  com.leapmotion.leap.Controller.finalize()V+1
v  ~StubRoutines::call_stub
V  [jvm.dll+0x13f35a]
V  [jvm.dll+0x202c6e]
V  [jvm.dll+0x13f3dd]
V  [jvm.dll+0xc9bc2]
V  [jvm.dll+0xcd66f]
C  [java.dll+0x20b5]
j  java.lang.ref.Finalizer.runFinalizer()V+45
j  java.lang.ref.Finalizer.access$100(Ljava/lang/ref/Finalizer;)V+1
j  java.lang.ref.Finalizer$FinalizerThread.run()V+24
v  ~StubRoutines::call_stub
V  [jvm.dll+0x13f35a]
V  [jvm.dll+0x202c6e]
V  [jvm.dll+0x13f525]
V  [jvm.dll+0x13f587]
V  [jvm.dll+0xeb81f]
V  [jvm.dll+0x16059c]
V  [jvm.dll+0x160fd7]
V  [jvm.dll+0x1a4b79]
C  [msvcr100.dll+0x5c556]
C  [msvcr100.dll+0x5c600]
C  [KERNEL32.DLL+0x1495d]
C  [ntdll.dll+0x498ee]
C  [ntdll.dll+0x498c4]

Java frames: (J=compiled Java code, j=interpreted, Vv=VM code)
j  com.leapmotion.leap.LeapJNI.delete_Controller(J)V+0
j  com.leapmotion.leap.Controller.delete()V+25
j  com.leapmotion.leap.Controller.finalize()V+1
v  ~StubRoutines::call_stub
j  java.lang.ref.Finalizer.invokeFinalizeMethod(Ljava/lang/Object;)V+0
j  java.lang.ref.Finalizer.runFinalizer()V+45
j  java.lang.ref.Finalizer.access$100(Ljava/lang/ref/Finalizer;)V+1
j  java.lang.ref.Finalizer$FinalizerThread.run()V+24
v  ~StubRoutines::call_stub

---------------  P R O C E S S  ---------------

Java Threads: ( => current thread )
  0x02adbc00 JavaThread "DestroyJavaVM" [_thread_blocked, id=7076, stack(0x00d70000,0x00dc0000)]
  0x04ef2400 JavaThread "AWT-EventQueue-0" [_thread_blocked, id=2488, stack(0x05e80000,0x05ed0000)]
  0x04e18c00 JavaThread "AWT-Windows" daemon [_thread_in_native, id=6912, stack(0x055e0000,0x05630000)]
  0x04e18000 JavaThread "AWT-Shutdown" [_thread_blocked, id=2232, stack(0x05550000,0x055a0000)]
  0x04e0f400 JavaThread "Java2D Disposer" daemon [_thread_blocked, id=3800, stack(0x054c0000,0x05510000)]
  0x027aa000 JavaThread "Service Thread" daemon [_thread_blocked, id=2628, stack(0x04cd0000,0x04d20000)]
  0x027a4800 JavaThread "C1 CompilerThread0" daemon [_thread_blocked, id=6596, stack(0x04c40000,0x04c90000)]
  0x027a3c00 JavaThread "Attach Listener" daemon [_thread_blocked, id=344, stack(0x04bb0000,0x04c00000)]
  0x027a2000 JavaThread "Signal Dispatcher" daemon [_thread_blocked, id=5696, stack(0x04b20000,0x04b70000)]
=>0x02731000 JavaThread "Finalizer" daemon [_thread_in_native, id=7000, stack(0x02a70000,0x02ac0000)]
  0x0272f000 JavaThread "Reference Handler" daemon [_thread_blocked, id=6732, stack(0x029e0000,0x02a30000)]

Other Threads:
  0x0272d800 VMThread [stack: 0x02990000,0x029e0000] [id=2948]
  0x027b5c00 WatcherThread [stack: 0x04d60000,0x04db0000] [id=3312]

VM state:not at safepoint (normal execution)

VM Mutex/Monitor currently owned by a thread: None

Heap
 def new generation   total 6464K, used 880K [0x249c0000, 0x250c0000, 0x29f10000)
  eden space 5760K,  14% used [0x249c0000, 0x24a93a10, 0x24f60000)
  from space 704K,   4% used [0x24f60000, 0x24f68780, 0x25010000)
  to   space 704K,   0% used [0x25010000, 0x25010000, 0x250c0000)
 tenured generation   total 14300K, used 8538K [0x29f10000, 0x2ad07000, 0x349c0000)
   the space 14300K,  59% used [0x29f10000, 0x2a766990, 0x2a766a00, 0x2ad07000)
 compacting perm gen  total 12288K, used 1725K [0x349c0000, 0x355c0000, 0x389c0000)
   the space 12288K,  14% used [0x349c0000, 0x34b6f480, 0x34b6f600, 0x355c0000)
    ro space 10240K,  41% used [0x389c0000, 0x38df2050, 0x38df2200, 0x393c0000)
    rw space 12288K,  52% used [0x393c0000, 0x39a06800, 0x39a06800, 0x39fc0000)

Card table byte_map: [0x028e0000,0x02990000] byte_map_base: 0x027bb200

Polling page: 0x00d20000

Code Cache  [0x02ae0000, 0x02bc8000, 0x04ae0000)
 total_blobs=403 nmethods=175 adapters=165 free_code_cache=31867Kb largest_free_block=32632128

Compilation events (10 events):
Event: 1.239 Thread 0x027a4800  171             java.util.IdentityHashMap::clear (39 bytes)
Event: 1.239 Thread 0x027a4800 nmethod 171 0x02bbe4c8 code [0x02bbe5c0, 0x02bbe690]
Event: 1.327 Thread 0x027a4800  172             sun.nio.cs.SingleByte$Encoder::encodeArrayLoop (236 bytes)
Event: 1.328 Thread 0x027a4800 nmethod 172 0x02bbe748 code [0x02bbea60, 0x02bbf65c]
Event: 1.371 Thread 0x027a4800  173             java.lang.StringBuilder::<init> (7 bytes)
Event: 1.372 Thread 0x027a4800 nmethod 173 0x02bc0c88 code [0x02bc0d80, 0x02bc0e90]
Event: 1.489 Thread 0x027a4800  174             java.lang.System::getSecurityManager (4 bytes)
Event: 1.489 Thread 0x027a4800 nmethod 174 0x02bc0f08 code [0x02bc1000, 0x02bc1070]
Event: 1.489 Thread 0x027a4800  175             java.lang.ref.Reference::<init> (25 bytes)
Event: 1.490 Thread 0x027a4800 nmethod 175 0x02bc10c8 code [0x02bc11c0, 0x02bc1270]

GC Heap History (10 events):
Event: 1.010 GC heap before
{Heap before GC invocations=16 (full 4):
 def new generation   total 6464K, used 5810K [0x249c0000, 0x250c0000, 0x29f10000)
  eden space 5760K,  99% used [0x249c0000, 0x24f5f390, 0x24f60000)
  from space 704K,   7% used [0x25010000, 0x2501d708, 0x250c0000)
  to   space 704K,   0% used [0x24f60000, 0x24f60000, 0x25010000)
 tenured generation   total 14300K, used 12137K [0x29f10000, 0x2ad07000, 0x349c0000)
   the space 14300K,  84% used [0x29f10000, 0x2aaea738, 0x2aaea800, 0x2ad07000)
 compacting perm gen  total 12288K, used 1700K [0x349c0000, 0x355c0000, 0x389c0000)
   the space 12288K,  13% used [0x349c0000, 0x34b69090, 0x34b69200, 0x355c0000)
    ro space 10240K,  41% used [0x389c0000, 0x38df2050, 0x38df2200, 0x393c0000)
    rw space 12288K,  52% used [0x393c0000, 0x39a06800, 0x39a06800, 0x39fc0000)
Event: 1.024 GC heap after
Heap after GC invocations=17 (full 5):
 def new generation   total 6464K, used 0K [0x249c0000, 0x250c0000, 0x29f10000)
  eden space 5760K,   0% used [0x249c0000, 0x249c0000, 0x24f60000)
  from space 704K,   0% used [0x24f60000, 0x24f60000, 0x25010000)
  to   space 704K,   0% used [0x25010000, 0x25010000, 0x250c0000)
 tenured generation   total 14300K, used 8538K [0x29f10000, 0x2ad07000, 0x349c0000)
   the space 14300K,  59% used [0x29f10000, 0x2a7668b8, 0x2a766a00, 0x2ad07000)
 compacting perm gen  total 12288K, used 1700K [0x349c0000, 0x355c0000, 0x389c0000)
   the space 12288K,  13% used [0x349c0000, 0x34b69090, 0x34b69200, 0x355c0000)
    ro space 10240K,  41% used [0x389c0000, 0x38df2050, 0x38df2200, 0x393c0000)
    rw space 12288K,  52% used [0x393c0000, 0x39a06800, 0x39a06800, 0x39fc0000)
}
Event: 1.096 GC heap before
{Heap before GC invocations=17 (full 5):
 def new generation   total 6464K, used 3657K [0x249c0000, 0x250c0000, 0x29f10000)
  eden space 5760K,  63% used [0x249c0000, 0x24d52488, 0x24f60000)
  from space 704K,   0% used [0x24f60000, 0x24f60000, 0x25010000)
  to   space 704K,   0% used [0x25010000, 0x25010000, 0x250c0000)
 tenured generation   total 14300K, used 8538K [0x29f10000, 0x2ad07000, 0x349c0000)
   the space 14300K,  59% used [0x29f10000, 0x2a7668b8, 0x2a766a00, 0x2ad07000)
 compacting perm gen  total 12288K, used 1700K [0x349c0000, 0x355c0000, 0x389c0000)
   the space 12288K,  13% used [0x349c0000, 0x34b69090, 0x34b69200, 0x355c0000)
    ro space 10240K,  41% used [0x389c0000, 0x38df2050, 0x38df2200, 0x393c0000)
    rw space 12288K,  52% used [0x393c0000, 0x39a06800, 0x39a06800, 0x39fc0000)
Event: 1.096 GC heap after
Heap after GC invocations=18 (full 5):
 def new generation   total 6464K, used 39K [0x249c0000, 0x250c0000, 0x29f10000)
  eden space 5760K,   0% used [0x249c0000, 0x249c0000, 0x24f60000)
  from space 704K,   5% used [0x25010000, 0x25019c00, 0x250c0000)
  to   space 704K,   0% used [0x24f60000, 0x24f60000, 0x25010000)
 tenured generation   total 14300K, used 8538K [0x29f10000, 0x2ad07000, 0x349c0000)
   the space 14300K,  59% used [0x29f10000, 0x2a7668b8, 0x2a766a00, 0x2ad07000)
 compacting perm gen  total 12288K, used 1700K [0x349c0000, 0x355c0000, 0x389c0000)
   the space 12288K,  13% used [0x349c0000, 0x34b69090, 0x34b69200, 0x355c0000)
    ro space 10240K,  41% used [0x389c0000, 0x38df2050, 0x38df2200, 0x393c0000)
    rw space 12288K,  52% used [0x393c0000, 0x39a06800, 0x39a06800, 0x39fc0000)
}
Event: 1.120 GC heap before
{Heap before GC invocations=18 (full 5):
 def new generation   total 6464K, used 5799K [0x249c0000, 0x250c0000, 0x29f10000)
  eden space 5760K, 100% used [0x249c0000, 0x24f60000, 0x24f60000)
  from space 704K,   5% used [0x25010000, 0x25019c00, 0x250c0000)
  to   space 704K,   0% used [0x24f60000, 0x24f60000, 0x25010000)
 tenured generation   total 14300K, used 8538K [0x29f10000, 0x2ad07000, 0x349c0000)
   the space 14300K,  59% used [0x29f10000, 0x2a7668b8, 0x2a766a00, 0x2ad07000)
 compacting perm gen  total 12288K, used 1700K [0x349c0000, 0x355c0000, 0x389c0000)
   the space 12288K,  13% used [0x349c0000, 0x34b69090, 0x34b69200, 0x355c0000)
    ro space 10240K,  41% used [0x389c0000, 0x38df2050, 0x38df2200, 0x393c0000)
    rw space 12288K,  52% used [0x393c0000, 0x39a06800, 0x39a06800, 0x39fc0000)
Event: 1.121 GC heap after
Heap after GC invocations=19 (full 5):
 def new generation   total 6464K, used 53K [0x249c0000, 0x250c0000, 0x29f10000)
  eden space 5760K,   0% used [0x249c0000, 0x249c0000, 0x24f60000)
  from space 704K,   7% used [0x24f60000, 0x24f6d6e8, 0x25010000)
  to   space 704K,   0% used [0x25010000, 0x25010000, 0x250c0000)
 tenured generation   total 14300K, used 12138K [0x29f10000, 0x2ad07000, 0x349c0000)
   the space 14300K,  84% used [0x29f10000, 0x2aaea8c8, 0x2aaeaa00, 0x2ad07000)
 compacting perm gen  total 12288K, used 1700K [0x349c0000, 0x355c0000, 0x389c0000)
   the space 12288K,  13% used [0x349c0000, 0x34b69090, 0x34b69200, 0x355c0000)
    ro space 10240K,  41% used [0x389c0000, 0x38df2050, 0x38df2200, 0x393c0000)
    rw space 12288K,  52% used [0x393c0000, 0x39a06800, 0x39a06800, 0x39fc0000)
}
Event: 1.175 GC heap before
{Heap before GC invocations=19 (full 5):
 def new generation   total 6464K, used 5811K [0x249c0000, 0x250c0000, 0x29f10000)
  eden space 5760K,  99% used [0x249c0000, 0x24f5f6e8, 0x24f60000)
  from space 704K,   7% used [0x24f60000, 0x24f6d6e8, 0x25010000)
  to   space 704K,   0% used [0x25010000, 0x25010000, 0x250c0000)
 tenured generation   total 14300K, used 12138K [0x29f10000, 0x2ad07000, 0x349c0000)
   the space 14300K,  84% used [0x29f10000, 0x2aaea8c8, 0x2aaeaa00, 0x2ad07000)
 compacting perm gen  total 12288K, used 1700K [0x349c0000, 0x355c0000, 0x389c0000)
   the space 12288K,  13% used [0x349c0000, 0x34b69090, 0x34b69200, 0x355c0000)
    ro space 10240K,  41% used [0x389c0000, 0x38df2050, 0x38df2200, 0x393c0000)
    rw space 12288K,  52% used [0x393c0000, 0x39a06800, 0x39a06800, 0x39fc0000)
Event: 1.189 GC heap after
Heap after GC invocations=20 (full 6):
 def new generation   total 6464K, used 0K [0x249c0000, 0x250c0000, 0x29f10000)
  eden space 5760K,   0% used [0x249c0000, 0x249c0000, 0x24f60000)
  from space 704K,   0% used [0x25010000, 0x25010000, 0x250c0000)
  to   space 704K,   0% used [0x24f60000, 0x24f60000, 0x25010000)
 tenured generation   total 14300K, used 8538K [0x29f10000, 0x2ad07000, 0x349c0000)
   the space 14300K,  59% used [0x29f10000, 0x2a766990, 0x2a766a00, 0x2ad07000)
 compacting perm gen  total 12288K, used 1700K [0x349c0000, 0x355c0000, 0x389c0000)
   the space 12288K,  13% used [0x349c0000, 0x34b69090, 0x34b69200, 0x355c0000)
    ro space 10240K,  41% used [0x389c0000, 0x38df2050, 0x38df2200, 0x393c0000)
    rw space 12288K,  52% used [0x393c0000, 0x39a06800, 0x39a06800, 0x39fc0000)
}
Event: 1.449 GC heap before
{Heap before GC invocations=20 (full 6):
 def new generation   total 6464K, used 5760K [0x249c0000, 0x250c0000, 0x29f10000)
  eden space 5760K, 100% used [0x249c0000, 0x24f60000, 0x24f60000)
  from space 704K,   0% used [0x25010000, 0x25010000, 0x250c0000)
  to   space 704K,   0% used [0x24f60000, 0x24f60000, 0x25010000)
 tenured generation   total 14300K, used 8538K [0x29f10000, 0x2ad07000, 0x349c0000)
   the space 14300K,  59% used [0x29f10000, 0x2a766990, 0x2a766a00, 0x2ad07000)
 compacting perm gen  total 12288K, used 1725K [0x349c0000, 0x355c0000, 0x389c0000)
   the space 12288K,  14% used [0x349c0000, 0x34b6f480, 0x34b6f600, 0x355c0000)
    ro space 10240K,  41% used [0x389c0000, 0x38df2050, 0x38df2200, 0x393c0000)
    rw space 12288K,  52% used [0x393c0000, 0x39a06800, 0x39a06800, 0x39fc0000)
Event: 1.450 GC heap after
Heap after GC invocations=21 (full 6):
 def new generation   total 6464K, used 33K [0x249c0000, 0x250c0000, 0x29f10000)
  eden space 5760K,   0% used [0x249c0000, 0x249c0000, 0x24f60000)
  from space 704K,   4% used [0x24f60000, 0x24f68780, 0x25010000)
  to   space 704K,   0% used [0x25010000, 0x25010000, 0x250c0000)
 tenured generation   total 14300K, used 8538K [0x29f10000, 0x2ad07000, 0x349c0000)
   the space 14300K,  59% used [0x29f10000, 0x2a766990, 0x2a766a00, 0x2ad07000)
 compacting perm gen  total 12288K, used 1725K [0x349c0000, 0x355c0000, 0x389c0000)
   the space 12288K,  14% used [0x349c0000, 0x34b6f480, 0x34b6f600, 0x355c0000)
    ro space 10240K,  41% used [0x389c0000, 0x38df2050, 0x38df2200, 0x393c0000)
    rw space 12288K,  52% used [0x393c0000, 0x39a06800, 0x39a06800, 0x39fc0000)
}

Deoptimization events (0 events):
No events

Internal exceptions (10 events):
Event: 0.311 Thread 0x04f56000 Threw 0x24a77788 at C:\re\jdk7u51\527\hotspot\src\share\vm\prims\jvm.cpp:1244
Event: 0.312 Thread 0x04f56000 Threw 0x24aa0c18 at C:\re\jdk7u51\527\hotspot\src\share\vm\prims\jvm.cpp:1244
Event: 0.313 Thread 0x04f56000 Threw 0x24aa6ff8 at C:\re\jdk7u51\527\hotspot\src\share\vm\prims\jvm.cpp:1244
Event: 0.314 Thread 0x04f56000 Threw 0x24aab5c0 at C:\re\jdk7u51\527\hotspot\src\share\vm\prims\jvm.cpp:1244
Event: 1.195 Thread 0x06468c00 Threw 0x24a6e828 at C:\re\jdk7u51\527\hotspot\src\share\vm\prims\jvm.cpp:1244
Event: 1.196 Thread 0x06468c00 Threw 0x24a732d0 at C:\re\jdk7u51\527\hotspot\src\share\vm\prims\jvm.cpp:1244
Event: 1.198 Thread 0x06468c00 Threw 0x24a79500 at C:\re\jdk7u51\527\hotspot\src\share\vm\prims\jvm.cpp:1244
Event: 1.198 Thread 0x06468c00 Threw 0x24aaa9a8 at C:\re\jdk7u51\527\hotspot\src\share\vm\prims\jvm.cpp:1244
Event: 1.199 Thread 0x06468c00 Threw 0x24aadef8 at C:\re\jdk7u51\527\hotspot\src\share\vm\prims\jvm.cpp:1244
Event: 1.396 Thread 0x02adbc00 Threw 0x24de0a58 at C:\re\jdk7u51\527\hotspot\src\share\vm\interpreter\interpreterRuntime.cpp:347

Events (10 events):
Event: 1.470 Thread 0x06463800 Thread added: 0x06463800
Event: 1.470 Thread 0x06463800 Thread exited: 0x06463800
Event: 1.470 Thread 0x06463800 Thread added: 0x06463800
Event: 1.470 Thread 0x06463800 Thread exited: 0x06463800
Event: 1.489 Thread 0x06463800 Thread added: 0x06463800
Event: 1.489 Thread 0x06463800 Thread exited: 0x06463800
Event: 1.489 Thread 0x06463800 Thread added: 0x06463800
Event: 1.489 Thread 0x06463800 Thread exited: 0x06463800
Event: 1.489 Thread 0x06463800 Thread added: 0x06463800
Event: 1.489 Thread 0x06463800 Thread exited: 0x06463800


Dynamic libraries:
0x00ba0000 - 0x00bcf000 	C:\Program Files (x86)\Java\jre7\bin\javaw.exe
0x77470000 - 0x775d8000 	C:\WINDOWS\SYSTEM32\ntdll.dll
0x75030000 - 0x75170000 	C:\WINDOWS\SYSTEM32\KERNEL32.DLL
0x770e0000 - 0x771af000 	C:\WINDOWS\SYSTEM32\KERNELBASE.dll
0x71f20000 - 0x71fba000 	C:\WINDOWS\system32\apphelp.dll
0x526b0000 - 0x52902000 	C:\WINDOWS\AppPatch\AcGenral.DLL
0x76930000 - 0x769ee000 	C:\WINDOWS\SYSTEM32\msvcrt.dll
0x76bf0000 - 0x76c2e000 	C:\WINDOWS\SYSTEM32\sechost.dll
0x74ea0000 - 0x74ebd000 	C:\WINDOWS\SYSTEM32\SspiCli.dll
0x75410000 - 0x75451000 	C:\WINDOWS\SYSTEM32\SHLWAPI.dll
0x72010000 - 0x720ec000 	C:\WINDOWS\SYSTEM32\UxTheme.dll
0x75170000 - 0x752bf000 	C:\WINDOWS\SYSTEM32\USER32.dll
0x752f0000 - 0x753f8000 	C:\WINDOWS\SYSTEM32\GDI32.dll
0x74790000 - 0x747b0000 	C:\WINDOWS\SYSTEM32\WINMM.dll
0x6dcc0000 - 0x6dcd2000 	C:\WINDOWS\SYSTEM32\samcli.dll
0x76610000 - 0x7671b000 	C:\WINDOWS\SYSTEM32\ole32.dll
0x74fa0000 - 0x75027000 	C:\WINDOWS\SYSTEM32\OLEAUT32.dll
0x52690000 - 0x526a5000 	C:\WINDOWS\SYSTEM32\MSACM32.dll
0x74c20000 - 0x74c28000 	C:\WINDOWS\SYSTEM32\VERSION.dll
0x75460000 - 0x76603000 	C:\WINDOWS\SYSTEM32\SHELL32.dll
0x73410000 - 0x73429000 	C:\WINDOWS\SYSTEM32\USERENV.dll
0x6e2b0000 - 0x6e2c9000 	C:\WINDOWS\SYSTEM32\dwmapi.dll
0x6ec60000 - 0x6ed84000 	C:\WINDOWS\SYSTEM32\urlmon.dll
0x74f20000 - 0x74f97000 	C:\WINDOWS\SYSTEM32\ADVAPI32.dll
0x6ee70000 - 0x6eece000 	C:\WINDOWS\SYSTEM32\WINSPOOL.DRV
0x6dfd0000 - 0x6dfe4000 	C:\WINDOWS\SYSTEM32\MPR.dll
0x77250000 - 0x77301000 	C:\WINDOWS\SYSTEM32\RPCRT4.dll
0x74e90000 - 0x74e99000 	C:\WINDOWS\SYSTEM32\CRYPTBASE.dll
0x769f0000 - 0x76b3e000 	C:\WINDOWS\SYSTEM32\combase.dll
0x73530000 - 0x73550000 	C:\WINDOWS\SYSTEM32\WINMMBASE.dll
0x73480000 - 0x7348e000 	C:\WINDOWS\SYSTEM32\profapi.dll
0x72ca0000 - 0x72eb7000 	C:\WINDOWS\SYSTEM32\iertutil.dll
0x730d0000 - 0x73294000 	C:\WINDOWS\SYSTEM32\WININET.dll
0x74e30000 - 0x74e81000 	C:\WINDOWS\SYSTEM32\bcryptPrimitives.dll
0x77210000 - 0x7724a000 	C:\WINDOWS\SYSTEM32\cfgmgr32.dll
0x73510000 - 0x7352f000 	C:\WINDOWS\SYSTEM32\DEVOBJ.dll
0x73490000 - 0x73507000 	C:\WINDOWS\SYSTEM32\SHCORE.DLL
0x752c0000 - 0x752e5000 	C:\WINDOWS\system32\IMM32.DLL
0x76c30000 - 0x76d27000 	C:\WINDOWS\SYSTEM32\MSCTF.dll
0x72430000 - 0x72615000 	C:\WINDOWS\WinSxS\x86_microsoft.windows.common-controls_6595b64144ccf1df_6.0.9600.16384_none_a9f4965301334e09\COMCTL32.dll
0x525d0000 - 0x5268f000 	C:\Program Files (x86)\Java\jre7\bin\msvcr100.dll
0x55890000 - 0x55c10000 	C:\Program Files (x86)\Java\jre7\bin\client\jvm.dll
0x73400000 - 0x73408000 	C:\WINDOWS\SYSTEM32\WSOCK32.dll
0x75400000 - 0x75406000 	C:\WINDOWS\SYSTEM32\PSAPI.DLL
0x771b0000 - 0x771fd000 	C:\WINDOWS\SYSTEM32\WS2_32.dll
0x76be0000 - 0x76be7000 	C:\WINDOWS\SYSTEM32\NSI.dll
0x71fc0000 - 0x71fcc000 	C:\Program Files (x86)\Java\jre7\bin\verify.dll
0x5c560000 - 0x5c580000 	C:\Program Files (x86)\Java\jre7\bin\java.dll
0x5c540000 - 0x5c553000 	C:\Program Files (x86)\Java\jre7\bin\zip.dll
0x52480000 - 0x525c3000 	C:\Program Files (x86)\Java\jre7\bin\awt.dll
0x74d70000 - 0x74d79000 	C:\WINDOWS\SYSTEM32\kernel.appcore.dll
0x52450000 - 0x52471000 	F:\Studies\Vip\Project\LeapDeveloperKit\LeapSDK\lib\x86\LeapJava.dll
0x74d00000 - 0x74d69000 	C:\WINDOWS\SYSTEM32\MSVCP100.dll
0x522f0000 - 0x52447000 	F:\Studies\Vip\Project\LeapDeveloperKit\LeapSDK\lib\x86\Leap.dll
0x73380000 - 0x733c5000 	C:\WINDOWS\system32\mswsock.dll
0x522b0000 - 0x522e9000 	C:\Program Files (x86)\Java\jre7\bin\fontmanager.dll
0x5c520000 - 0x5c534000 	C:\Program Files (x86)\Java\jre7\bin\net.dll
0x627b0000 - 0x627bf000 	C:\Program Files (x86)\Java\jre7\bin\nio.dll
0x52280000 - 0x522b0000 	C:\Program Files (x86)\Java\jre7\bin\t2k.dll
0x6de60000 - 0x6de78000 	C:\WINDOWS\SYSTEM32\CRYPTSP.dll
0x6de30000 - 0x6de5f000 	C:\WINDOWS\system32\rsaenh.dll
0x6de10000 - 0x6de2d000 	C:\WINDOWS\SYSTEM32\bcrypt.dll
0x727d0000 - 0x727e0000 	C:\WINDOWS\system32\napinsp.dll
0x727b0000 - 0x727c4000 	C:\WINDOWS\system32\pnrpnsp.dll
0x72790000 - 0x727a2000 	C:\WINDOWS\system32\NLAapi.dll
0x728c0000 - 0x7293c000 	C:\WINDOWS\SYSTEM32\DNSAPI.dll
0x72780000 - 0x72789000 	C:\WINDOWS\System32\winrnr.dll
0x72890000 - 0x728b1000 	C:\Program Files (x86)\Bonjour\mdnsNSP.dll
0x72c80000 - 0x72c9e000 	C:\WINDOWS\SYSTEM32\Iphlpapi.DLL
0x72b60000 - 0x72b68000 	C:\WINDOWS\SYSTEM32\WINNSI.DLL
0x72770000 - 0x7277f000 	C:\WINDOWS\system32\wshbth.dll
0x72880000 - 0x72887000 	C:\Windows\System32\rasadhlp.dll
0x72830000 - 0x72874000 	C:\WINDOWS\System32\fwpuclnt.dll
0x72960000 - 0x72aa8000 	C:\WINDOWS\SYSTEM32\dbghelp.dll

VM Arguments:
jvm_args: -Djava.library.path=F:\Studies\Vip\Project\LeapDeveloperKit\LeapSDK\lib\x86 -Dfile.encoding=Cp1252 
java_command: com.pinkpony.HandsDance
Launcher Type: SUN_STANDARD

Environment Variables:
PATH=C:/Program Files (x86)/Java/jre7/bin/client;C:/Program Files (x86)/Java/jre7/bin;C:/Program Files (x86)/Java/jre7/lib/i386;C:\Program Files (x86)\Intel\iCLS Client\;C:\Program Files\Intel\iCLS Client\;C:\WINDOWS\system32;C:\WINDOWS;C:\WINDOWS\System32\Wbem;C:\WINDOWS\System32\WindowsPowerShell\v1.0\;C:\Program Files (x86)\Intel\OpenCL SDK\2.0\bin\x86;C:\Program Files (x86)\Intel\OpenCL SDK\2.0\bin\x64;C:\Program Files\Intel\Intel(R) Management Engine Components\DAL;C:\Program Files\Intel\Intel(R) Management Engine Components\IPT;C:\Program Files (x86)\Intel\Intel(R) Management Engine Components\DAL;C:\Program Files (x86)\Intel\Intel(R) Management Engine Components\IPT;C:\Program Files\Microsoft\Web Platform Installer\;C:\Program Files (x86)\Microsoft ASP.NET\ASP.NET Web Pages\v1.0\;C:\Program Files\Microsoft SQL Server\110\Tools\Binn\;C:\Program Files (x86)\Windows Kits\8.0\Windows Performance Toolkit\;C:\Program Files\Intel\WiFi\bin\;C:\Program Files\Common Files\Intel\WirelessCommon\;C:\opencv246\build\x86\vc11\bin;C:\Program Files\nodejs\;C:\Program Files\Intel\WiFi\bin\;C:\Program Files\Common Files\Intel\WirelessCommon\;C:\Program Files (x86)\SSH Communications Security\SSH Secure Shell;C:\Users\Varun\AppData\Roaming\npm;F:\Softwares\adt-bundle-windows-x86-20131030\eclipse;
USERNAME=Varun
OS=Windows_NT
PROCESSOR_IDENTIFIER=Intel64 Family 6 Model 58 Stepping 9, GenuineIntel



---------------  S Y S T E M  ---------------

OS: Windows 8 , 64 bit Build 9200 

CPU:total 4 (2 cores per cpu, 2 threads per core) family 6 model 58 stepping 9, cmov, cx8, fxsr, mmx, sse, sse2, sse3, ssse3, sse4.1, sse4.2, popcnt, avx, aes, erms, ht, tsc, tscinvbit, tscinv

Memory: 4k page, physical 8251152k(5524152k free), swap 9561872k(6818392k free)

vm_info: Java HotSpot(TM) Client VM (24.51-b03) for windows-x86 JRE (1.7.0_51-b13), built on Dec 18 2013 19:09:58 by "java_re" with unknown MS VC++:1600

time: Sat Feb 15 15:18:23 2014
elapsed time: 1 seconds

