#
# A fatal error has been detected by the Java Runtime Environment:
#
#  EXCEPTION_ACCESS_VIOLATION (0xc0000005) at pc=0x50d488c5, pid=6260, tid=6740
#
# JRE version: Java(TM) SE Runtime Environment (7.0_51-b13) (build 1.7.0_51-b13)
# Java VM: Java HotSpot(TM) Client VM (24.51-b03 mixed mode, sharing windows-x86 )
# Problematic frame:
# C  [Leap.dll+0xc88c5]
#
# Failed to write core dump. Minidumps are not enabled by default on client versions of Windows
#
# If you would like to submit a bug report, please visit:
#   http://bugreport.sun.com/bugreport/crash.jsp
# The crash happened outside the Java Virtual Machine in native code.
# See problematic frame for where to report the bug.
#

---------------  T H R E A D  ---------------

Current thread (0x00ab1000):  JavaThread "Finalizer" daemon [_thread_in_native, id=6740, stack(0x02570000,0x025c0000)]

siginfo: ExceptionCode=0xc0000005, writing address 0x17687148

Registers:
EAX=0x04928c01, EBX=0x04a9d680, ECX=0x153382a8, EDX=0x04928cfc
ESP=0x025bf3b0, EBP=0x025bf3cc, ESI=0x04923c90, EDI=0x1768710c
EIP=0x50d488c5, EFLAGS=0x00010246

Top of Stack: (sp=0x025bf3b0)
0x025bf3b0:   17687164 00ab1000 04a9d680 04a9d680
0x025bf3c0:   025bf574 50d6be0c 00000000 025bf3dc
0x025bf3d0:   50c88381 34a9d070 34a9d070 025bf3e8
0x025bf3e0:   51fd4b52 00000001 025bf42c 025da9dd
0x025bf3f0:   00ab1130 025bf434 04a9d680 00000000
0x025bf400:   025bf40c 00000000 00000000 025bf40c
0x025bf410:   00000000 025bf440 34a9f2c8 00000000
0x025bf420:   34a9d070 00000000 025bf43c 025bf46c 

Instructions: (pc=0x50d488c5)
0x50d488a5:   00 00 8b 46 04 85 c0 74 05 8b 78 08 eb 02 33 ff
0x50d488b5:   39 77 3c 75 12 8b 47 34 50 8b ce e8 db bd ff ff
0x50d488c5:   c7 47 3c 00 00 00 00 c7 45 fc ff ff ff ff c7 06
0x50d488d5:   34 9b d9 50 8b 76 04 85 f6 74 3a 8b 7e 04 85 ff 


Register to memory mapping:

EAX=0x04928c01 is an unknown value
EBX=0x04a9d680 is an unknown value
ECX=0x153382a8 is an unknown value
EDX=0x04928cfc is an unknown value
ESP=0x025bf3b0 is pointing into the stack for thread: 0x00ab1000
EBP=0x025bf3cc is pointing into the stack for thread: 0x00ab1000
ESI=0x04923c90 is an unknown value
EDI=0x1768710c is an unknown value


Stack: [0x02570000,0x025c0000],  sp=0x025bf3b0,  free space=316k
Native frames: (J=compiled Java code, j=interpreted, Vv=VM code, C=native code)
C  [Leap.dll+0xc88c5]
C  [Leap.dll+0x8381]
C  [LeapJava.dll+0x4b52]
j  com.leapmotion.leap.LeapJNI.delete_Controller(J)V+0
j  com.leapmotion.leap.Controller.delete()V+25
j  com.leapmotion.leap.Controller.finalize()V+1
v  ~StubRoutines::call_stub
V  [jvm.dll+0x13f35a]
V  [jvm.dll+0x202c6e]
V  [jvm.dll+0x13f3dd]
V  [jvm.dll+0xc9bc2]
V  [jvm.dll+0xcd66f]
C  [java.dll+0x20b5]
j  java.lang.ref.Finalizer.runFinalizer()V+45
j  java.lang.ref.Finalizer.access$100(Ljava/lang/ref/Finalizer;)V+1
j  java.lang.ref.Finalizer$FinalizerThread.run()V+24
v  ~StubRoutines::call_stub
V  [jvm.dll+0x13f35a]
V  [jvm.dll+0x202c6e]
V  [jvm.dll+0x13f525]
V  [jvm.dll+0x13f587]
V  [jvm.dll+0xeb81f]
V  [jvm.dll+0x16059c]
V  [jvm.dll+0x160fd7]
V  [jvm.dll+0x1a4b79]
C  [msvcr100.dll+0x5c556]
C  [msvcr100.dll+0x5c600]
C  [KERNEL32.DLL+0x1495d]
C  [ntdll.dll+0x498ee]
C  [ntdll.dll+0x498c4]

Java frames: (J=compiled Java code, j=interpreted, Vv=VM code)
j  com.leapmotion.leap.LeapJNI.delete_Controller(J)V+0
j  com.leapmotion.leap.Controller.delete()V+25
j  com.leapmotion.leap.Controller.finalize()V+1
v  ~StubRoutines::call_stub
j  java.lang.ref.Finalizer.invokeFinalizeMethod(Ljava/lang/Object;)V+0
j  java.lang.ref.Finalizer.runFinalizer()V+45
j  java.lang.ref.Finalizer.access$100(Ljava/lang/ref/Finalizer;)V+1
j  java.lang.ref.Finalizer$FinalizerThread.run()V+24
v  ~StubRoutines::call_stub

---------------  P R O C E S S  ---------------

Java Threads: ( => current thread )
  0x04901800 JavaThread "DestroyJavaVM" [_thread_blocked, id=5532, stack(0x00970000,0x009c0000)]
  0x04904000 JavaThread "AWT-EventQueue-0" [_thread_blocked, id=916, stack(0x059a0000,0x059f0000)]
  0x04900400 JavaThread "AWT-Windows" daemon [_thread_in_native, id=5512, stack(0x050e0000,0x05130000)]
  0x04901400 JavaThread "AWT-Shutdown" [_thread_blocked, id=6896, stack(0x05050000,0x050a0000)]
  0x04902400 JavaThread "Java2D Disposer" daemon [_thread_blocked, id=3948, stack(0x04fc0000,0x05010000)]
  0x00b27800 JavaThread "Service Thread" daemon [_thread_blocked, id=4368, stack(0x047c0000,0x04810000)]
  0x00b21800 JavaThread "C1 CompilerThread0" daemon [_thread_blocked, id=3024, stack(0x04730000,0x04780000)]
  0x00b20400 JavaThread "Attach Listener" daemon [_thread_blocked, id=1232, stack(0x046a0000,0x046f0000)]
  0x00b1e000 JavaThread "Signal Dispatcher" daemon [_thread_blocked, id=6360, stack(0x04610000,0x04660000)]
=>0x00ab1000 JavaThread "Finalizer" daemon [_thread_in_native, id=6740, stack(0x02570000,0x025c0000)]
  0x00aaf000 JavaThread "Reference Handler" daemon [_thread_blocked, id=100, stack(0x024e0000,0x02530000)]

Other Threads:
  0x00aad800 VMThread [stack: 0x02450000,0x024a0000] [id=5684]
  0x00b37800 WatcherThread [stack: 0x04850000,0x048a0000] [id=3840]

VM state:not at safepoint (normal execution)

VM Mutex/Monitor currently owned by a thread: None

Heap
 def new generation   total 6464K, used 619K [0x249c0000, 0x250c0000, 0x29f10000)
  eden space 5760K,   9% used [0x249c0000, 0x24a4fc08, 0x24f60000)
  from space 704K,   6% used [0x25010000, 0x2501b230, 0x250c0000)
  to   space 704K,   0% used [0x24f60000, 0x24f60000, 0x25010000)
 tenured generation   total 14300K, used 12149K [0x29f10000, 0x2ad07000, 0x349c0000)
   the space 14300K,  84% used [0x29f10000, 0x2aaed498, 0x2aaed600, 0x2ad07000)
 compacting perm gen  total 12288K, used 1744K [0x349c0000, 0x355c0000, 0x389c0000)
   the space 12288K,  14% used [0x349c0000, 0x34b74188, 0x34b74200, 0x355c0000)
    ro space 10240K,  41% used [0x389c0000, 0x38df2050, 0x38df2200, 0x393c0000)
    rw space 12288K,  52% used [0x393c0000, 0x39a06800, 0x39a06800, 0x39fc0000)

Card table byte_map: [0x022f0000,0x023a0000] byte_map_base: 0x021cb200

Polling page: 0x00830000

Code Cache  [0x025d0000, 0x026b8000, 0x045d0000)
 total_blobs=404 nmethods=176 adapters=165 free_code_cache=31866Kb largest_free_block=32631168

Compilation events (10 events):
Event: 1.182 Thread 0x00b21800  172  s          java.io.ByteArrayInputStream::read (36 bytes)
Event: 1.182 Thread 0x00b21800 nmethod 172 0x026ae748 code [0x026ae840, 0x026aea40]
Event: 1.216 Thread 0x00b21800  173             sun.nio.cs.SingleByte$Encoder::encodeArrayLoop (236 bytes)
Event: 1.217 Thread 0x00b21800 nmethod 173 0x026aeb08 code [0x026aee20, 0x026afa1c]
Event: 1.238 Thread 0x00b21800  174             java.lang.StringBuilder::<init> (7 bytes)
Event: 1.238 Thread 0x00b21800 nmethod 174 0x026b1048 code [0x026b1140, 0x026b1250]
Event: 1.265 Thread 0x00b21800  175             java.lang.ref.Reference::<init> (25 bytes)
Event: 1.265 Thread 0x00b21800 nmethod 175 0x026b12c8 code [0x026b13c0, 0x026b1470]
Event: 1.369 Thread 0x00b21800  176             java.lang.System::getSecurityManager (4 bytes)
Event: 1.369 Thread 0x00b21800 nmethod 176 0x026b14c8 code [0x026b15c0, 0x026b1630]

GC Heap History (10 events):
Event: 0.935 GC heap before
{Heap before GC invocations=15 (full 4):
 def new generation   total 6464K, used 5797K [0x249c0000, 0x250c0000, 0x29f10000)
  eden space 5760K,  99% used [0x249c0000, 0x24f5fa50, 0x24f60000)
  from space 704K,   5% used [0x24f60000, 0x24f69d20, 0x25010000)
  to   space 704K,   0% used [0x25010000, 0x25010000, 0x250c0000)
 tenured generation   total 14300K, used 8537K [0x29f10000, 0x2ad07000, 0x349c0000)
   the space 14300K,  59% used [0x29f10000, 0x2a766788, 0x2a766800, 0x2ad07000)
 compacting perm gen  total 12288K, used 1700K [0x349c0000, 0x355c0000, 0x389c0000)
   the space 12288K,  13% used [0x349c0000, 0x34b69028, 0x34b69200, 0x355c0000)
    ro space 10240K,  41% used [0x389c0000, 0x38df2050, 0x38df2200, 0x393c0000)
    rw space 12288K,  52% used [0x393c0000, 0x39a06800, 0x39a06800, 0x39fc0000)
Event: 0.936 GC heap after
Heap after GC invocations=16 (full 4):
 def new generation   total 6464K, used 53K [0x249c0000, 0x250c0000, 0x29f10000)
  eden space 5760K,   0% used [0x249c0000, 0x249c0000, 0x24f60000)
  from space 704K,   7% used [0x25010000, 0x2501d708, 0x250c0000)
  to   space 704K,   0% used [0x24f60000, 0x24f60000, 0x25010000)
 tenured generation   total 14300K, used 12137K [0x29f10000, 0x2ad07000, 0x349c0000)
   the space 14300K,  84% used [0x29f10000, 0x2aaea798, 0x2aaea800, 0x2ad07000)
 compacting perm gen  total 12288K, used 1700K [0x349c0000, 0x355c0000, 0x389c0000)
   the space 12288K,  13% used [0x349c0000, 0x34b69028, 0x34b69200, 0x355c0000)
    ro space 10240K,  41% used [0x389c0000, 0x38df2050, 0x38df2200, 0x393c0000)
    rw space 12288K,  52% used [0x393c0000, 0x39a06800, 0x39a06800, 0x39fc0000)
}
Event: 0.990 GC heap before
{Heap before GC invocations=16 (full 4):
 def new generation   total 6464K, used 5813K [0x249c0000, 0x250c0000, 0x29f10000)
  eden space 5760K, 100% used [0x249c0000, 0x24f60000, 0x24f60000)
  from space 704K,   7% used [0x25010000, 0x2501d708, 0x250c0000)
  to   space 704K,   0% used [0x24f60000, 0x24f60000, 0x25010000)
 tenured generation   total 14300K, used 12137K [0x29f10000, 0x2ad07000, 0x349c0000)
   the space 14300K,  84% used [0x29f10000, 0x2aaea798, 0x2aaea800, 0x2ad07000)
 compacting perm gen  total 12288K, used 1712K [0x349c0000, 0x355c0000, 0x389c0000)
   the space 12288K,  13% used [0x349c0000, 0x34b6c120, 0x34b6c200, 0x355c0000)
    ro space 10240K,  41% used [0x389c0000, 0x38df2050, 0x38df2200, 0x393c0000)
    rw space 12288K,  52% used [0x393c0000, 0x39a06800, 0x39a06800, 0x39fc0000)
Event: 1.004 GC heap after
Heap after GC invocations=17 (full 5):
 def new generation   total 6464K, used 0K [0x249c0000, 0x250c0000, 0x29f10000)
  eden space 5760K,   0% used [0x249c0000, 0x249c0000, 0x24f60000)
  from space 704K,   0% used [0x24f60000, 0x24f60000, 0x25010000)
  to   space 704K,   0% used [0x25010000, 0x25010000, 0x250c0000)
 tenured generation   total 14300K, used 8549K [0x29f10000, 0x2ad07000, 0x349c0000)
   the space 14300K,  59% used [0x29f10000, 0x2a769488, 0x2a769600, 0x2ad07000)
 compacting perm gen  total 12288K, used 1712K [0x349c0000, 0x355c0000, 0x389c0000)
   the space 12288K,  13% used [0x349c0000, 0x34b6c120, 0x34b6c200, 0x355c0000)
    ro space 10240K,  41% used [0x389c0000, 0x38df2050, 0x38df2200, 0x393c0000)
    rw space 12288K,  52% used [0x393c0000, 0x39a06800, 0x39a06800, 0x39fc0000)
}
Event: 1.075 GC heap before
{Heap before GC invocations=17 (full 5):
 def new generation   total 6464K, used 3854K [0x249c0000, 0x250c0000, 0x29f10000)
  eden space 5760K,  66% used [0x249c0000, 0x24d83b18, 0x24f60000)
  from space 704K,   0% used [0x24f60000, 0x24f60000, 0x25010000)
  to   space 704K,   0% used [0x25010000, 0x25010000, 0x250c0000)
 tenured generation   total 14300K, used 8549K [0x29f10000, 0x2ad07000, 0x349c0000)
   the space 14300K,  59% used [0x29f10000, 0x2a769488, 0x2a769600, 0x2ad07000)
 compacting perm gen  total 12288K, used 1712K [0x349c0000, 0x355c0000, 0x389c0000)
   the space 12288K,  13% used [0x349c0000, 0x34b6c120, 0x34b6c200, 0x355c0000)
    ro space 10240K,  41% used [0x389c0000, 0x38df2050, 0x38df2200, 0x393c0000)
    rw space 12288K,  52% used [0x393c0000, 0x39a06800, 0x39a06800, 0x39fc0000)
Event: 1.076 GC heap after
Heap after GC invocations=18 (full 5):
 def new generation   total 6464K, used 39K [0x249c0000, 0x250c0000, 0x29f10000)
  eden space 5760K,   0% used [0x249c0000, 0x249c0000, 0x24f60000)
  from space 704K,   5% used [0x25010000, 0x25019f00, 0x250c0000)
  to   space 704K,   0% used [0x24f60000, 0x24f60000, 0x25010000)
 tenured generation   total 14300K, used 8549K [0x29f10000, 0x2ad07000, 0x349c0000)
   the space 14300K,  59% used [0x29f10000, 0x2a769488, 0x2a769600, 0x2ad07000)
 compacting perm gen  total 12288K, used 1712K [0x349c0000, 0x355c0000, 0x389c0000)
   the space 12288K,  13% used [0x349c0000, 0x34b6c120, 0x34b6c200, 0x355c0000)
    ro space 10240K,  41% used [0x389c0000, 0x38df2050, 0x38df2200, 0x393c0000)
    rw space 12288K,  52% used [0x393c0000, 0x39a06800, 0x39a06800, 0x39fc0000)
}
Event: 1.099 GC heap before
{Heap before GC invocations=18 (full 5):
 def new generation   total 6464K, used 5796K [0x249c0000, 0x250c0000, 0x29f10000)
  eden space 5760K,  99% used [0x249c0000, 0x24f5f1a8, 0x24f60000)
  from space 704K,   5% used [0x25010000, 0x25019f00, 0x250c0000)
  to   space 704K,   0% used [0x24f60000, 0x24f60000, 0x25010000)
 tenured generation   total 14300K, used 8549K [0x29f10000, 0x2ad07000, 0x349c0000)
   the space 14300K,  59% used [0x29f10000, 0x2a769488, 0x2a769600, 0x2ad07000)
 compacting perm gen  total 12288K, used 1732K [0x349c0000, 0x355c0000, 0x389c0000)
   the space 12288K,  14% used [0x349c0000, 0x34b71060, 0x34b71200, 0x355c0000)
    ro space 10240K,  41% used [0x389c0000, 0x38df2050, 0x38df2200, 0x393c0000)
    rw space 12288K,  52% used [0x393c0000, 0x39a06800, 0x39a06800, 0x39fc0000)
Event: 1.100 GC heap after
Heap after GC invocations=19 (full 5):
 def new generation   total 6464K, used 75K [0x249c0000, 0x250c0000, 0x29f10000)
  eden space 5760K,   0% used [0x249c0000, 0x249c0000, 0x24f60000)
  from space 704K,  10% used [0x24f60000, 0x24f72c60, 0x25010000)
  to   space 704K,   0% used [0x25010000, 0x25010000, 0x250c0000)
 tenured generation   total 14300K, used 12149K [0x29f10000, 0x2ad07000, 0x349c0000)
   the space 14300K,  84% used [0x29f10000, 0x2aaed498, 0x2aaed600, 0x2ad07000)
 compacting perm gen  total 12288K, used 1732K [0x349c0000, 0x355c0000, 0x389c0000)
   the space 12288K,  14% used [0x349c0000, 0x34b71060, 0x34b71200, 0x355c0000)
    ro space 10240K,  41% used [0x389c0000, 0x38df2050, 0x38df2200, 0x393c0000)
    rw space 12288K,  52% used [0x393c0000, 0x39a06800, 0x39a06800, 0x39fc0000)
}
Event: 1.432 GC heap before
{Heap before GC invocations=19 (full 5):
 def new generation   total 6464K, used 5835K [0x249c0000, 0x250c0000, 0x29f10000)
  eden space 5760K, 100% used [0x249c0000, 0x24f60000, 0x24f60000)
  from space 704K,  10% used [0x24f60000, 0x24f72c60, 0x25010000)
  to   space 704K,   0% used [0x25010000, 0x25010000, 0x250c0000)
 tenured generation   total 14300K, used 12149K [0x29f10000, 0x2ad07000, 0x349c0000)
   the space 14300K,  84% used [0x29f10000, 0x2aaed498, 0x2aaed600, 0x2ad07000)
 compacting perm gen  total 12288K, used 1744K [0x349c0000, 0x355c0000, 0x389c0000)
   the space 12288K,  14% used [0x349c0000, 0x34b74188, 0x34b74200, 0x355c0000)
    ro space 10240K,  41% used [0x389c0000, 0x38df2050, 0x38df2200, 0x393c0000)
    rw space 12288K,  52% used [0x393c0000, 0x39a06800, 0x39a06800, 0x39fc0000)
Event: 1.433 GC heap after
Heap after GC invocations=20 (full 5):
 def new generation   total 6464K, used 44K [0x249c0000, 0x250c0000, 0x29f10000)
  eden space 5760K,   0% used [0x249c0000, 0x249c0000, 0x24f60000)
  from space 704K,   6% used [0x25010000, 0x2501b230, 0x250c0000)
  to   space 704K,   0% used [0x24f60000, 0x24f60000, 0x25010000)
 tenured generation   total 14300K, used 12149K [0x29f10000, 0x2ad07000, 0x349c0000)
   the space 14300K,  84% used [0x29f10000, 0x2aaed498, 0x2aaed600, 0x2ad07000)
 compacting perm gen  total 12288K, used 1744K [0x349c0000, 0x355c0000, 0x389c0000)
   the space 12288K,  14% used [0x349c0000, 0x34b74188, 0x34b74200, 0x355c0000)
    ro space 10240K,  41% used [0x389c0000, 0x38df2050, 0x38df2200, 0x393c0000)
    rw space 12288K,  52% used [0x393c0000, 0x39a06800, 0x39a06800, 0x39fc0000)
}

Deoptimization events (0 events):
No events

Internal exceptions (10 events):
Event: 0.973 Thread 0x04902000 Threw 0x24b6ec90 at C:\re\jdk7u51\527\hotspot\src\share\vm\prims\jvm.cpp:1244
Event: 1.077 Thread 0x04901800 Threw 0x24d56bc0 at C:\re\jdk7u51\527\hotspot\src\share\vm\prims\jvm.cpp:1244
Event: 1.078 Thread 0x04901800 Threw 0x24d5b5b8 at C:\re\jdk7u51\527\hotspot\src\share\vm\prims\jvm.cpp:1244
Event: 1.079 Thread 0x04901800 Threw 0x24d5f6f0 at C:\re\jdk7u51\527\hotspot\src\share\vm\prims\jvm.cpp:1244
Event: 1.079 Thread 0x04901800 Threw 0x24d63930 at C:\re\jdk7u51\527\hotspot\src\share\vm\prims\jvm.cpp:1244
Event: 1.080 Thread 0x04901800 Threw 0x24db92c0 at C:\re\jdk7u51\527\hotspot\src\share\vm\prims\jvm.cpp:1244
Event: 1.181 Thread 0x04902c00 Threw 0x24bb97e0 at C:\re\jdk7u51\527\hotspot\src\share\vm\prims\jvm.cpp:1244
Event: 1.182 Thread 0x04902c00 Threw 0x24bbce48 at C:\re\jdk7u51\527\hotspot\src\share\vm\prims\jvm.cpp:1244
Event: 1.182 Thread 0x04902c00 Threw 0x24bc04c0 at C:\re\jdk7u51\527\hotspot\src\share\vm\prims\jvm.cpp:1244
Event: 1.283 Thread 0x007ebc00 Threw 0x24c3ee78 at C:\re\jdk7u51\527\hotspot\src\share\vm\interpreter\interpreterRuntime.cpp:347

Events (10 events):
Event: 1.453 Thread 0x04902000 Thread added: 0x04902000
Event: 1.453 Thread 0x04902000 Thread exited: 0x04902000
Event: 1.453 Thread 0x04900c00 Thread added: 0x04900c00
Event: 1.453 Thread 0x04900c00 Thread exited: 0x04900c00
Event: 1.453 Thread 0x04902c00 Thread added: 0x04902c00
Event: 1.453 Thread 0x04902c00 Thread exited: 0x04902c00
Event: 1.474 Thread 0x04902000 Thread added: 0x04902000
Event: 1.474 Thread 0x04902000 Thread exited: 0x04902000
Event: 1.474 Thread 0x04900c00 Thread added: 0x04900c00
Event: 1.474 Thread 0x04900c00 Thread exited: 0x04900c00


Dynamic libraries:
0x00ba0000 - 0x00bcf000 	C:\Program Files (x86)\Java\jre7\bin\javaw.exe
0x77470000 - 0x775d8000 	C:\WINDOWS\SYSTEM32\ntdll.dll
0x75030000 - 0x75170000 	C:\WINDOWS\SYSTEM32\KERNEL32.DLL
0x770e0000 - 0x771af000 	C:\WINDOWS\SYSTEM32\KERNELBASE.dll
0x71f20000 - 0x71fba000 	C:\WINDOWS\system32\apphelp.dll
0x52230000 - 0x52482000 	C:\WINDOWS\AppPatch\AcGenral.DLL
0x76930000 - 0x769ee000 	C:\WINDOWS\SYSTEM32\msvcrt.dll
0x76bf0000 - 0x76c2e000 	C:\WINDOWS\SYSTEM32\sechost.dll
0x74ea0000 - 0x74ebd000 	C:\WINDOWS\SYSTEM32\SspiCli.dll
0x75410000 - 0x75451000 	C:\WINDOWS\SYSTEM32\SHLWAPI.dll
0x72010000 - 0x720ec000 	C:\WINDOWS\SYSTEM32\UxTheme.dll
0x75170000 - 0x752bf000 	C:\WINDOWS\SYSTEM32\USER32.dll
0x752f0000 - 0x753f8000 	C:\WINDOWS\SYSTEM32\GDI32.dll
0x74790000 - 0x747b0000 	C:\WINDOWS\SYSTEM32\WINMM.dll
0x6dcc0000 - 0x6dcd2000 	C:\WINDOWS\SYSTEM32\samcli.dll
0x76610000 - 0x7671b000 	C:\WINDOWS\SYSTEM32\ole32.dll
0x74fa0000 - 0x75027000 	C:\WINDOWS\SYSTEM32\OLEAUT32.dll
0x52210000 - 0x52225000 	C:\WINDOWS\SYSTEM32\MSACM32.dll
0x74c20000 - 0x74c28000 	C:\WINDOWS\SYSTEM32\VERSION.dll
0x75460000 - 0x76603000 	C:\WINDOWS\SYSTEM32\SHELL32.dll
0x73410000 - 0x73429000 	C:\WINDOWS\SYSTEM32\USERENV.dll
0x6e2b0000 - 0x6e2c9000 	C:\WINDOWS\SYSTEM32\dwmapi.dll
0x6ec60000 - 0x6ed84000 	C:\WINDOWS\SYSTEM32\urlmon.dll
0x74f20000 - 0x74f97000 	C:\WINDOWS\SYSTEM32\ADVAPI32.dll
0x6ee70000 - 0x6eece000 	C:\WINDOWS\SYSTEM32\WINSPOOL.DRV
0x6dfd0000 - 0x6dfe4000 	C:\WINDOWS\SYSTEM32\MPR.dll
0x77250000 - 0x77301000 	C:\WINDOWS\SYSTEM32\RPCRT4.dll
0x74e90000 - 0x74e99000 	C:\WINDOWS\SYSTEM32\CRYPTBASE.dll
0x769f0000 - 0x76b3e000 	C:\WINDOWS\SYSTEM32\combase.dll
0x73530000 - 0x73550000 	C:\WINDOWS\SYSTEM32\WINMMBASE.dll
0x73480000 - 0x7348e000 	C:\WINDOWS\SYSTEM32\profapi.dll
0x72ca0000 - 0x72eb7000 	C:\WINDOWS\SYSTEM32\iertutil.dll
0x730d0000 - 0x73294000 	C:\WINDOWS\SYSTEM32\WININET.dll
0x74e30000 - 0x74e81000 	C:\WINDOWS\SYSTEM32\bcryptPrimitives.dll
0x77210000 - 0x7724a000 	C:\WINDOWS\SYSTEM32\cfgmgr32.dll
0x73510000 - 0x7352f000 	C:\WINDOWS\SYSTEM32\DEVOBJ.dll
0x73490000 - 0x73507000 	C:\WINDOWS\SYSTEM32\SHCORE.DLL
0x752c0000 - 0x752e5000 	C:\WINDOWS\system32\IMM32.DLL
0x76c30000 - 0x76d27000 	C:\WINDOWS\SYSTEM32\MSCTF.dll
0x72430000 - 0x72615000 	C:\WINDOWS\WinSxS\x86_microsoft.windows.common-controls_6595b64144ccf1df_6.0.9600.16384_none_a9f4965301334e09\COMCTL32.dll
0x52150000 - 0x5220f000 	C:\Program Files (x86)\Java\jre7\bin\msvcr100.dll
0x55890000 - 0x55c10000 	C:\Program Files (x86)\Java\jre7\bin\client\jvm.dll
0x73400000 - 0x73408000 	C:\WINDOWS\SYSTEM32\WSOCK32.dll
0x75400000 - 0x75406000 	C:\WINDOWS\SYSTEM32\PSAPI.DLL
0x771b0000 - 0x771fd000 	C:\WINDOWS\SYSTEM32\WS2_32.dll
0x76be0000 - 0x76be7000 	C:\WINDOWS\SYSTEM32\NSI.dll
0x71fc0000 - 0x71fcc000 	C:\Program Files (x86)\Java\jre7\bin\verify.dll
0x5c560000 - 0x5c580000 	C:\Program Files (x86)\Java\jre7\bin\java.dll
0x5c540000 - 0x5c553000 	C:\Program Files (x86)\Java\jre7\bin\zip.dll
0x52000000 - 0x52143000 	C:\Program Files (x86)\Java\jre7\bin\awt.dll
0x74d70000 - 0x74d79000 	C:\WINDOWS\SYSTEM32\kernel.appcore.dll
0x51fd0000 - 0x51ff1000 	F:\Studies\Vip\Project\LeapDeveloperKit\LeapSDK\lib\x86\LeapJava.dll
0x74d00000 - 0x74d69000 	C:\WINDOWS\SYSTEM32\MSVCP100.dll
0x50c80000 - 0x50dd7000 	F:\Studies\Vip\Project\LeapDeveloperKit\LeapSDK\lib\x86\Leap.dll
0x73380000 - 0x733c5000 	C:\WINDOWS\system32\mswsock.dll
0x51f90000 - 0x51fc9000 	C:\Program Files (x86)\Java\jre7\bin\fontmanager.dll
0x5c520000 - 0x5c534000 	C:\Program Files (x86)\Java\jre7\bin\net.dll
0x627b0000 - 0x627bf000 	C:\Program Files (x86)\Java\jre7\bin\nio.dll
0x51f60000 - 0x51f90000 	C:\Program Files (x86)\Java\jre7\bin\t2k.dll
0x6de60000 - 0x6de78000 	C:\WINDOWS\SYSTEM32\CRYPTSP.dll
0x6de30000 - 0x6de5f000 	C:\WINDOWS\system32\rsaenh.dll
0x6de10000 - 0x6de2d000 	C:\WINDOWS\SYSTEM32\bcrypt.dll
0x727d0000 - 0x727e0000 	C:\WINDOWS\system32\napinsp.dll
0x727b0000 - 0x727c4000 	C:\WINDOWS\system32\pnrpnsp.dll
0x72790000 - 0x727a2000 	C:\WINDOWS\system32\NLAapi.dll
0x728c0000 - 0x7293c000 	C:\WINDOWS\SYSTEM32\DNSAPI.dll
0x72780000 - 0x72789000 	C:\WINDOWS\System32\winrnr.dll
0x72890000 - 0x728b1000 	C:\Program Files (x86)\Bonjour\mdnsNSP.dll
0x72c80000 - 0x72c9e000 	C:\WINDOWS\SYSTEM32\Iphlpapi.DLL
0x72b60000 - 0x72b68000 	C:\WINDOWS\SYSTEM32\WINNSI.DLL
0x72770000 - 0x7277f000 	C:\WINDOWS\system32\wshbth.dll
0x72880000 - 0x72887000 	C:\Windows\System32\rasadhlp.dll
0x72830000 - 0x72874000 	C:\WINDOWS\System32\fwpuclnt.dll
0x72960000 - 0x72aa8000 	C:\WINDOWS\SYSTEM32\dbghelp.dll

VM Arguments:
jvm_args: -Djava.library.path=F:\Studies\Vip\Project\LeapDeveloperKit\LeapSDK\lib\x86 -Dfile.encoding=Cp1252 
java_command: com.pinkpony.HandsDance
Launcher Type: SUN_STANDARD

Environment Variables:
PATH=C:/Program Files (x86)/Java/jre7/bin/client;C:/Program Files (x86)/Java/jre7/bin;C:/Program Files (x86)/Java/jre7/lib/i386;C:\Program Files (x86)\Intel\iCLS Client\;C:\Program Files\Intel\iCLS Client\;C:\WINDOWS\system32;C:\WINDOWS;C:\WINDOWS\System32\Wbem;C:\WINDOWS\System32\WindowsPowerShell\v1.0\;C:\Program Files (x86)\Intel\OpenCL SDK\2.0\bin\x86;C:\Program Files (x86)\Intel\OpenCL SDK\2.0\bin\x64;C:\Program Files\Intel\Intel(R) Management Engine Components\DAL;C:\Program Files\Intel\Intel(R) Management Engine Components\IPT;C:\Program Files (x86)\Intel\Intel(R) Management Engine Components\DAL;C:\Program Files (x86)\Intel\Intel(R) Management Engine Components\IPT;C:\Program Files\Microsoft\Web Platform Installer\;C:\Program Files (x86)\Microsoft ASP.NET\ASP.NET Web Pages\v1.0\;C:\Program Files\Microsoft SQL Server\110\Tools\Binn\;C:\Program Files (x86)\Windows Kits\8.0\Windows Performance Toolkit\;C:\Program Files\Intel\WiFi\bin\;C:\Program Files\Common Files\Intel\WirelessCommon\;C:\opencv246\build\x86\vc11\bin;C:\Program Files\nodejs\;C:\Program Files\Intel\WiFi\bin\;C:\Program Files\Common Files\Intel\WirelessCommon\;C:\Program Files (x86)\SSH Communications Security\SSH Secure Shell;C:\Users\Varun\AppData\Roaming\npm;F:\Softwares\adt-bundle-windows-x86-20131030\eclipse;
USERNAME=Varun
OS=Windows_NT
PROCESSOR_IDENTIFIER=Intel64 Family 6 Model 58 Stepping 9, GenuineIntel



---------------  S Y S T E M  ---------------

OS: Windows 8 , 64 bit Build 9200 

CPU:total 4 (2 cores per cpu, 2 threads per core) family 6 model 58 stepping 9, cmov, cx8, fxsr, mmx, sse, sse2, sse3, ssse3, sse4.1, sse4.2, popcnt, avx, aes, erms, ht, tsc, tscinvbit, tscinv

Memory: 4k page, physical 8251152k(5494712k free), swap 9561872k(6781396k free)

vm_info: Java HotSpot(TM) Client VM (24.51-b03) for windows-x86 JRE (1.7.0_51-b13), built on Dec 18 2013 19:09:58 by "java_re" with unknown MS VC++:1600

time: Sat Feb 15 15:22:44 2014
elapsed time: 1 seconds

